#
# A fatal error has been detected by the Java Runtime Environment:
#
#  EXCEPTION_ACCESS_VIOLATION (0xc0000005) at pc=0x00007ffec00b6587, pid=21332, tid=14864
#
# JRE version: Java(TM) SE Runtime Environment (21.0+35) (build 21+35-LTS-2513)
# Java VM: Java HotSpot(TM) 64-Bit Server VM (21+35-LTS-2513, mixed mode, sharing, tiered, compressed oops, compressed class ptrs, g1 gc, windows-amd64)
# Problematic frame:
# C  [glass.dll+0x26587]
#
# No core dump will be written. Minidumps are not enabled by default on client versions of Windows
#
# If you would like to submit a bug report, please visit:
#   https://bugreport.java.com/bugreport/crash.jsp
#

---------------  S U M M A R Y ------------

Command Line: --module-path=C:\Users\FERNANDY ELOKA\.m2\repository\org\openjfx\javafx-base\21\javafx-base-21-win.jar;C:\Users\FERNANDY ELOKA\.m2\repository\org\openjfx\javafx-base\21\javafx-base-21.jar;C:\Users\FERNANDY ELOKA\.m2\repository\org\openjfx\javafx-controls\21\javafx-controls-21-win.jar;C:\Users\FERNANDY ELOKA\.m2\repository\org\openjfx\javafx-controls\21\javafx-controls-21.jar;C:\Users\FERNANDY ELOKA\.m2\repository\org\openjfx\javafx-graphics\21\javafx-graphics-21-win.jar;C:\Users\FERNANDY ELOKA\.m2\repository\org\openjfx\javafx-graphics\21\javafx-graphics-21.jar --add-modules=javafx.base,javafx.controls,javafx.graphics test.frontfx.TicTacToe

Host: Intel(R) Core(TM) i7-7500U CPU @ 2.70GHz, 4 cores, 15G,  Windows 11 , 64 bit Build 22621 (10.0.22621.3085)
Time: Mon Feb 26 03:14:07 2024 Afr. centrale Ouest elapsed time: 13.712710 seconds (0d 0h 0m 13s)

---------------  T H R E A D  ---------------

Current thread (0x0000021706229a30):  VMThread "VM Thread"          [id=14864, stack(0x0000006987400000,0x0000006987500000) (1024K)]

Stack: [0x0000006987400000,0x0000006987500000],  sp=0x00000069874ff0d0,  free space=1020k
Native frames: (J=compiled Java code, j=interpreted, Vv=VM code, C=native code)
C  [glass.dll+0x26587]


siginfo: EXCEPTION_ACCESS_VIOLATION (0xc0000005), reading address 0x0000000000000000


Registers:
RAX=0x0000000000000000, RBX=0x000002170623593a, RCX=0x0000021706229a30, RDX=0x00000069874ff0d0
RSP=0x00000069874ff0d0, RBP=0x000002174c355d58, RSI=0x00000069874ff1d8, RDI=0x000002174c355d30
R8 =0x0000000000010002, R9 =0x000002174c355d30, R10=0x85f13e9656da4870, R11=0x00000069874ff060
R12=0x00007ffec00b3ed0, R13=0x00007ffe4b94fe60, R14=0x0000bfc371a5f242, R15=0x000002174c355d30
RIP=0x00007ffec00b6587, EFLAGS=0x0000000000010202


Register to memory mapping:

RAX=0x0 is null
RBX=0x000002170623593a is a global jni handle
RCX=0x0000021706229a30 points into unknown readable memory: 0x00007ffe4b762a18 | 18 2a 76 4b fe 7f 00 00
RDX=0x00000069874ff0d0 points into unknown readable memory: 0x0000000000000000 | 00 00 00 00 00 00 00 00
RSP=0x00000069874ff0d0 points into unknown readable memory: 0x0000000000000000 | 00 00 00 00 00 00 00 00
RBP=0x000002174c355d58 points into unknown readable memory: 0x0000bfc371a5f242 | 42 f2 a5 71 c3 bf 00 00
RSI=0x00000069874ff1d8 points into unknown readable memory: 0x00000069874ff1c0 | c0 f1 4f 87 69 00 00 00
RDI=0x000002174c355d30 points into unknown readable memory: 0x00014038718915e2 | e2 15 89 71 38 40 01 00
R8 =0x0000000000010002 is an unknown value
R9 =0x000002174c355d30 points into unknown readable memory: 0x00014038718915e2 | e2 15 89 71 38 40 01 00
R10=0x85f13e9656da4870 is an unknown value
R11=0x00000069874ff060 points into unknown readable memory: 0x000002174c355d30 | 30 5d 35 4c 17 02 00 00
R12=0x00007ffec00b3ed0 glass.dll
R13=0x00007ffe4b94fe60 jvm.dll
R14=0x0000bfc371a5f242 is an unknown value
R15=0x000002174c355d30 points into unknown readable memory: 0x00014038718915e2 | e2 15 89 71 38 40 01 00

Top of Stack: (sp=0x00000069874ff0d0)
0x00000069874ff0d0:   0000000000000000 00000069874ff1d8
0x00000069874ff0e0:   00007ffe4b94fe60 00007ffec00b3ed0
0x00000069874ff0f0:   000002174c355d38 00007fff1de43a83
0x00000069874ff100:   000002174c355d30 0000021700000000
0x00000069874ff110:   000002174c355d58 00000069874ff1d8
0x00000069874ff120:   fffffffffffffffe 0000000000000000
0x00000069874ff130:   0000000000000001 00007ffec0090000
0x00000069874ff140:   00000069874ff1c8 00007fff1de1006e
0x00000069874ff150:   0000000000000000 00000069874ff1d8
0x00000069874ff160:   00000069874ff4c0 0000000000000001
0x00000069874ff170:   0000000000000001 00007fff1de0da1d
0x00000069874ff180:   0000000000000000 00007ffec00b36c9
0x00000069874ff190:   00007ffe4b94fe60 00000069874ff1c8
0x00000069874ff1a0:   fffffffffffffffe 00007fff20a3f9ed
0x00000069874ff1b0:   0000000000000000 00007ffec00b3d5d
0x00000069874ff1c0:   00007ffec00ca008 00007fff00000002
0x00000069874ff1d0:   0000021700000002 00000069874ff1c0
0x00000069874ff1e0:   000002174c5c3800 00007fff20a38603
0x00000069874ff1f0:   0000000000000000 00007ffec00b3e82
0x00000069874ff200:   0000000000000001 00007fff1d500000
0x00000069874ff210:   0000000000000001 00007fff1d505277
0x00000069874ff220:   00007fff1d500000 00000069874ff4c0
0x00000069874ff230:   0000000000000001 00007fff1cda0000
0x00000069874ff240:   00007ffec0090000 000000007ffe0384
0x00000069874ff250:   0000000000000000 00007fff20a3869f
0x00000069874ff260:   00007ffec0090000 0000000000000000
0x00000069874ff270:   0000000000000001 000000007ffe0385
0x00000069874ff280:   00007fff20b47a20 00007ffeef4b1c60
0x00000069874ff290:   00006d4ac2084200 00007ffeef400000
0x00000069874ff2a0:   00007ffec00b3ed0 0000000000000000
0x00000069874ff2b0:   0000000000000000 0000006986937000
0x00000069874ff2c0:   000002174c339870 00007fff20a610a6 

Instructions: (pc=0x00007ffec00b6587)
0x00007ffec00b6487:   8b 4d 58 e8 8d cf ff ff 48 8b 4d 60 e8 84 cf ff
0x00007ffec00b6497:   ff 48 8b 95 80 00 00 00 48 8b 8d 18 01 00 00 e8
0x00007ffec00b64a7:   76 c4 ff ff 33 d2 33 c9 e8 cc e1 ff ff 90 48 89
0x00007ffec00b64b7:   54 24 10 55 48 83 ec 20 48 8b ea 48 b8 00 00 00
0x00007ffec00b64c7:   00 00 00 00 00 48 83 c4 20 5d c3 cc 40 55 48 8b
0x00007ffec00b64d7:   ea 48 8b 01 33 c9 81 38 05 00 00 c0 0f 94 c1 8b
0x00007ffec00b64e7:   c1 5d c3 cc 40 55 48 83 ec 20 48 8b ea 8a 4d 40
0x00007ffec00b64f7:   48 83 c4 20 5d e9 73 d3 ff ff cc 40 55 48 83 ec
0x00007ffec00b6507:   20 48 8b ea 8a 4d 20 e8 61 d3 ff ff 90 48 83 c4
0x00007ffec00b6517:   20 5d c3 cc 40 55 48 83 ec 20 48 8b ea 48 83 c4
0x00007ffec00b6527:   20 5d e9 c2 d1 ff ff cc 40 55 48 83 ec 30 48 8b
0x00007ffec00b6537:   ea 48 8b 01 8b 10 48 89 4c 24 28 89 54 24 20 4c
0x00007ffec00b6547:   8d 0d 63 d6 ff ff 4c 8b 45 70 8b 55 68 48 8b 4d
0x00007ffec00b6557:   60 e8 03 d1 ff ff 90 48 83 c4 30 5d c3 cc cc cc
0x00007ffec00b6567:   cc cc cc cc cc cc cc cc cc 40 53 48 83 ec 20 48
0x00007ffec00b6577:   8b 1d 8b 34 01 00 48 85 db 74 16 e8 89 8f ff ff
0x00007ffec00b6587:   4c 8b 00 48 8b d3 48 8b c8 41 ff 90 b0 00 00 00
0x00007ffec00b6597:   90 48 83 c4 20 5b c3 cc cc 40 53 48 83 ec 20 48
0x00007ffec00b65a7:   8b 1d fb 35 01 00 48 85 db 74 57 b8 ff ff ff ff
0x00007ffec00b65b7:   f0 0f c1 43 10 83 f8 01 75 3d 48 85 db 74 38 48
0x00007ffec00b65c7:   8b 0b 48 85 c9 74 0d ff 15 d4 0c 00 00 48 c7 03
0x00007ffec00b65d7:   00 00 00 00 48 8b 4b 08 48 85 c9 74 0d e8 33 ce
0x00007ffec00b65e7:   ff ff 48 c7 43 08 00 00 00 00 ba 18 00 00 00 48
0x00007ffec00b65f7:   8b cb e8 1e ce ff ff 48 c7 05 9f 35 01 00 00 00
0x00007ffec00b6607:   00 00 48 83 c4 20 5b c3 cc 40 53 48 83 ec 20 48
0x00007ffec00b6617:   8b 1d 6b 35 01 00 48 85 db 74 57 b8 ff ff ff ff
0x00007ffec00b6627:   f0 0f c1 43 10 83 f8 01 75 3d 48 85 db 74 38 48
0x00007ffec00b6637:   8b 0b 48 85 c9 74 0d ff 15 64 0c 00 00 48 c7 03
0x00007ffec00b6647:   00 00 00 00 48 8b 4b 08 48 85 c9 74 0d e8 c3 cd
0x00007ffec00b6657:   ff ff 48 c7 43 08 00 00 00 00 ba 18 00 00 00 48
0x00007ffec00b6667:   8b cb e8 ae cd ff ff 48 c7 05 0f 35 01 00 00 00
0x00007ffec00b6677:   00 00 48 83 c4 20 5b c3 cc 40 53 48 83 ec 20 48 


Stack slot to memory mapping:

stack at sp + 0 slots: 0x0 is null
stack at sp + 1 slots: 0x00000069874ff1d8 points into unknown readable memory: 0x00000069874ff1c0 | c0 f1 4f 87 69 00 00 00
stack at sp + 2 slots: 0x00007ffe4b94fe60 jvm.dll
stack at sp + 3 slots: 0x00007ffec00b3ed0 glass.dll
stack at sp + 4 slots: 0x000002174c355d38 points into unknown readable memory: 0x0000bfc371a5f242 | 42 f2 a5 71 c3 bf 00 00
stack at sp + 5 slots: 0x00007fff1de43a83 ucrtbase.dll
stack at sp + 6 slots: 0x000002174c355d30 points into unknown readable memory: 0x00014038718915e2 | e2 15 89 71 38 40 01 00
stack at sp + 7 slots: 0x0000021700000000 points into unknown readable memory: 0x0000000000000000 | 00 00 00 00 00 00 00 00

VM_Operation (0x00000069884fa760): Exit, mode: safepoint, requested by thread 0x000002174c359560


---------------  P R O C E S S  ---------------

Threads class SMR info:
_java_thread_list=0x0000021752e57c80, length=18, elements={
0x000002176574fa10, 0x000002170624a0b0, 0x000002170624b180, 0x000002170624ed60,
0x000002170624fca0, 0x0000021706251e80, 0x00000217062528e0, 0x0000021706253670,
0x0000021706430700, 0x00000217064af7f0, 0x0000021706759670, 0x000002174c2e0380,
0x000002174c397040, 0x000002174c359560, 0x000002174c4ed120, 0x000002174c4d16c0,
0x000002174c732130, 0x0000021752e6e920
}

Java Threads: ( => current thread )
  0x000002176574fa10 JavaThread "main"                              [_thread_blocked, id=12132, stack(0x0000006986d00000,0x0000006986e00000) (1024K)]
  0x000002170624a0b0 JavaThread "Reference Handler"          daemon [_thread_blocked, id=18252, stack(0x0000006987500000,0x0000006987600000) (1024K)]
  0x000002170624b180 JavaThread "Finalizer"                  daemon [_thread_blocked, id=15752, stack(0x0000006987600000,0x0000006987700000) (1024K)]
  0x000002170624ed60 JavaThread "Signal Dispatcher"          daemon [_thread_blocked, id=23288, stack(0x0000006987700000,0x0000006987800000) (1024K)]
  0x000002170624fca0 JavaThread "Attach Listener"            daemon [_thread_blocked, id=2920, stack(0x0000006987800000,0x0000006987900000) (1024K)]
  0x0000021706251e80 JavaThread "Service Thread"             daemon [_thread_blocked, id=21064, stack(0x0000006987900000,0x0000006987a00000) (1024K)]
  0x00000217062528e0 JavaThread "Monitor Deflation Thread"   daemon [_thread_blocked, id=20708, stack(0x0000006987a00000,0x0000006987b00000) (1024K)]
  0x0000021706253670 JavaThread "C2 CompilerThread0"         daemon [_thread_blocked, id=22016, stack(0x0000006987b00000,0x0000006987c00000) (1024K)]
  0x0000021706430700 JavaThread "C1 CompilerThread0"         daemon [_thread_blocked, id=17600, stack(0x0000006987c00000,0x0000006987d00000) (1024K)]
  0x00000217064af7f0 JavaThread "Common-Cleaner"             daemon [_thread_blocked, id=21040, stack(0x0000006987d00000,0x0000006987e00000) (1024K)]
  0x0000021706759670 JavaThread "Notification Thread"        daemon [_thread_blocked, id=18644, stack(0x0000006987f00000,0x0000006988000000) (1024K)]
  0x000002174c2e0380 JavaThread "QuantumRenderer-0"          daemon [_thread_blocked, id=20832, stack(0x0000006988200000,0x0000006988300000) (1024K)]
  0x000002174c397040 JavaThread "InvokeLaterDispatcher"      daemon [_thread_blocked, id=17068, stack(0x0000006988300000,0x0000006988400000) (1024K)]
  0x000002174c359560 JavaThread "JavaFX Application Thread"         [_thread_blocked, id=21488, stack(0x0000006988400000,0x0000006988500000) (1024K)]
  0x000002174c4ed120 JavaThread "Thread-1"                   daemon [_thread_in_native, id=21312, stack(0x0000006988800000,0x0000006988900000) (1024K)]
  0x000002174c4d16c0 JavaThread "JavaFX-Launcher"                   [_thread_blocked, id=18956, stack(0x0000006988900000,0x0000006988a00000) (1024K)]
  0x000002174c732130 JavaThread "Prism Font Disposer"        daemon [_thread_blocked, id=14364, stack(0x0000006988a00000,0x0000006988b00000) (1024K)]
  0x0000021752e6e920 JavaThread "Cleaner-0"                  daemon [_thread_blocked, id=23272, stack(0x0000006989000000,0x0000006989100000) (1024K)]
Total: 18

Other Threads:
=>0x0000021706229a30 VMThread "VM Thread"                           [id=14864, stack(0x0000006987400000,0x0000006987500000) (1024K)]
  0x00000217659bfb20 WorkerThread "GC Thread#0"                     [id=10996, stack(0x0000006986e00000,0x0000006986f00000) (1024K)]
  0x0000021706790270 WorkerThread "GC Thread#1"                     [id=21316, stack(0x0000006987e00000,0x0000006987f00000) (1024K)]
  0x000002174c218a10 WorkerThread "GC Thread#2"                     [id=22856, stack(0x0000006988000000,0x0000006988100000) (1024K)]
  0x000002174c1ece30 WorkerThread "GC Thread#3"                     [id=19168, stack(0x0000006988100000,0x0000006988200000) (1024K)]
  0x00000217659d1150 ConcurrentGCThread "G1 Main Marker"            terminated
  0x00000217659d1c50 WorkerThread "G1 Conc#0"                       [id=20352, stack(0x0000006987000000,0x0000006987100000) (1024K)]
  0x00000217060d54e0 ConcurrentGCThread "G1 Refine#0"               terminated
  0x00000217060d5f60 ConcurrentGCThread "G1 Service"                terminated
Total: 9

Threads with active compile tasks:
Total: 0

VM state: at safepoint (shutting down)

VM Mutex/Monitor currently owned by a thread:  ([mutex/lock_event])
[0x00007ffe4b928548] Threads_lock - owner thread: 0x0000021706229a30
[0x00007ffe4b928648] Heap_lock - owner thread: 0x000002174c359560

Heap address: 0x0000000701c00000, size: 4068 MB, Compressed Oops mode: Zero based, Oop shift amount: 3

CDS archive(s) mapped at: [0x0000021707000000-0x0000021707c90000-0x0000021707c90000), size 13172736, SharedBaseAddress: 0x0000021707000000, ArchiveRelocationMode: 1.
Compressed class space mapped at: 0x0000021708000000-0x0000021748000000, reserved size: 1073741824
Narrow klass base: 0x0000021707000000, Narrow klass shift: 0, Narrow klass range: 0x100000000

GC Precious Log:
 CardTable entry size: 512
 Card Set container configuration: InlinePtr #cards 4 size 8 Array Of Cards #cards 16 size 48 Howl #buckets 8 coarsen threshold 3686 Howl Bitmap #cards 512 size 80 coarsen threshold 460 Card regions per heap region 1 cards per card region 4096
 CPUs: 4 total, 4 available
 Memory: 16265M
 Large Page Support: Disabled
 NUMA Support: Disabled
 Compressed Oops: Enabled (Zero based)
 Heap Region Size: 2M
 Heap Min Capacity: 8M
 Heap Initial Capacity: 256M
 Heap Max Capacity: 4068M
 Pre-touch: Disabled
 Parallel Workers: 4
 Concurrent Workers: 1
 Concurrent Refinement Workers: 4
 Periodic GC: Disabled

Heap:
 garbage-first heap   total 262144K, used 45836K [0x0000000701c00000, 0x0000000800000000)
  region size 2048K, 23 young (47104K), 2 survivors (4096K)
 Metaspace       used 13318K, committed 13568K, reserved 1114112K
  class space    used 1797K, committed 1920K, reserved 1048576K

Heap Regions: E=young(eden), S=young(survivor), O=old, HS=humongous(starts), HC=humongous(continues), CS=collection set, F=free, TAMS=top-at-mark-start, PB=parsable bottom
|   0|0x0000000701c00000, 0x0000000701e00000, 0x0000000701e00000|100%|HS|  |TAMS 0x0000000701c00000| PB 0x0000000701c00000| Complete 
|   1|0x0000000701e00000, 0x0000000701e00000, 0x0000000702000000|  0%| F|  |TAMS 0x0000000701e00000| PB 0x0000000701e00000| Untracked 
|   2|0x0000000702000000, 0x0000000702000000, 0x0000000702200000|  0%| F|  |TAMS 0x0000000702000000| PB 0x0000000702000000| Untracked 
|   3|0x0000000702200000, 0x0000000702200000, 0x0000000702400000|  0%| F|  |TAMS 0x0000000702200000| PB 0x0000000702200000| Untracked 
|   4|0x0000000702400000, 0x0000000702400000, 0x0000000702600000|  0%| F|  |TAMS 0x0000000702400000| PB 0x0000000702400000| Untracked 
|   5|0x0000000702600000, 0x0000000702600000, 0x0000000702800000|  0%| F|  |TAMS 0x0000000702600000| PB 0x0000000702600000| Untracked 
|   6|0x0000000702800000, 0x0000000702800000, 0x0000000702a00000|  0%| F|  |TAMS 0x0000000702800000| PB 0x0000000702800000| Untracked 
|   7|0x0000000702a00000, 0x0000000702a00000, 0x0000000702c00000|  0%| F|  |TAMS 0x0000000702a00000| PB 0x0000000702a00000| Untracked 
|   8|0x0000000702c00000, 0x0000000702c00000, 0x0000000702e00000|  0%| F|  |TAMS 0x0000000702c00000| PB 0x0000000702c00000| Untracked 
|   9|0x0000000702e00000, 0x0000000702e00000, 0x0000000703000000|  0%| F|  |TAMS 0x0000000702e00000| PB 0x0000000702e00000| Untracked 
|  10|0x0000000703000000, 0x0000000703000000, 0x0000000703200000|  0%| F|  |TAMS 0x0000000703000000| PB 0x0000000703000000| Untracked 
|  11|0x0000000703200000, 0x0000000703200000, 0x0000000703400000|  0%| F|  |TAMS 0x0000000703200000| PB 0x0000000703200000| Untracked 
|  12|0x0000000703400000, 0x0000000703400000, 0x0000000703600000|  0%| F|  |TAMS 0x0000000703400000| PB 0x0000000703400000| Untracked 
|  13|0x0000000703600000, 0x0000000703600000, 0x0000000703800000|  0%| F|  |TAMS 0x0000000703600000| PB 0x0000000703600000| Untracked 
|  14|0x0000000703800000, 0x0000000703800000, 0x0000000703a00000|  0%| F|  |TAMS 0x0000000703800000| PB 0x0000000703800000| Untracked 
|  15|0x0000000703a00000, 0x0000000703a00000, 0x0000000703c00000|  0%| F|  |TAMS 0x0000000703a00000| PB 0x0000000703a00000| Untracked 
|  16|0x0000000703c00000, 0x0000000703c00000, 0x0000000703e00000|  0%| F|  |TAMS 0x0000000703c00000| PB 0x0000000703c00000| Untracked 
|  17|0x0000000703e00000, 0x0000000703e00000, 0x0000000704000000|  0%| F|  |TAMS 0x0000000703e00000| PB 0x0000000703e00000| Untracked 
|  18|0x0000000704000000, 0x0000000704000000, 0x0000000704200000|  0%| F|  |TAMS 0x0000000704000000| PB 0x0000000704000000| Untracked 
|  19|0x0000000704200000, 0x0000000704200000, 0x0000000704400000|  0%| F|  |TAMS 0x0000000704200000| PB 0x0000000704200000| Untracked 
|  20|0x0000000704400000, 0x0000000704400000, 0x0000000704600000|  0%| F|  |TAMS 0x0000000704400000| PB 0x0000000704400000| Untracked 
|  21|0x0000000704600000, 0x0000000704600000, 0x0000000704800000|  0%| F|  |TAMS 0x0000000704600000| PB 0x0000000704600000| Untracked 
|  22|0x0000000704800000, 0x0000000704800000, 0x0000000704a00000|  0%| F|  |TAMS 0x0000000704800000| PB 0x0000000704800000| Untracked 
|  23|0x0000000704a00000, 0x0000000704a00000, 0x0000000704c00000|  0%| F|  |TAMS 0x0000000704a00000| PB 0x0000000704a00000| Untracked 
|  24|0x0000000704c00000, 0x0000000704c00000, 0x0000000704e00000|  0%| F|  |TAMS 0x0000000704c00000| PB 0x0000000704c00000| Untracked 
|  25|0x0000000704e00000, 0x0000000704e00000, 0x0000000705000000|  0%| F|  |TAMS 0x0000000704e00000| PB 0x0000000704e00000| Untracked 
|  26|0x0000000705000000, 0x0000000705000000, 0x0000000705200000|  0%| F|  |TAMS 0x0000000705000000| PB 0x0000000705000000| Untracked 
|  27|0x0000000705200000, 0x0000000705200000, 0x0000000705400000|  0%| F|  |TAMS 0x0000000705200000| PB 0x0000000705200000| Untracked 
|  28|0x0000000705400000, 0x0000000705400000, 0x0000000705600000|  0%| F|  |TAMS 0x0000000705400000| PB 0x0000000705400000| Untracked 
|  29|0x0000000705600000, 0x0000000705600000, 0x0000000705800000|  0%| F|  |TAMS 0x0000000705600000| PB 0x0000000705600000| Untracked 
|  30|0x0000000705800000, 0x0000000705800000, 0x0000000705a00000|  0%| F|  |TAMS 0x0000000705800000| PB 0x0000000705800000| Untracked 
|  31|0x0000000705a00000, 0x0000000705a00000, 0x0000000705c00000|  0%| F|  |TAMS 0x0000000705a00000| PB 0x0000000705a00000| Untracked 
|  32|0x0000000705c00000, 0x0000000705c00000, 0x0000000705e00000|  0%| F|  |TAMS 0x0000000705c00000| PB 0x0000000705c00000| Untracked 
|  33|0x0000000705e00000, 0x0000000705e00000, 0x0000000706000000|  0%| F|  |TAMS 0x0000000705e00000| PB 0x0000000705e00000| Untracked 
|  34|0x0000000706000000, 0x0000000706000000, 0x0000000706200000|  0%| F|  |TAMS 0x0000000706000000| PB 0x0000000706000000| Untracked 
|  35|0x0000000706200000, 0x0000000706200000, 0x0000000706400000|  0%| F|  |TAMS 0x0000000706200000| PB 0x0000000706200000| Untracked 
|  36|0x0000000706400000, 0x0000000706400000, 0x0000000706600000|  0%| F|  |TAMS 0x0000000706400000| PB 0x0000000706400000| Untracked 
|  37|0x0000000706600000, 0x0000000706600000, 0x0000000706800000|  0%| F|  |TAMS 0x0000000706600000| PB 0x0000000706600000| Untracked 
|  38|0x0000000706800000, 0x0000000706800000, 0x0000000706a00000|  0%| F|  |TAMS 0x0000000706800000| PB 0x0000000706800000| Untracked 
|  39|0x0000000706a00000, 0x0000000706a00000, 0x0000000706c00000|  0%| F|  |TAMS 0x0000000706a00000| PB 0x0000000706a00000| Untracked 
|  40|0x0000000706c00000, 0x0000000706c00000, 0x0000000706e00000|  0%| F|  |TAMS 0x0000000706c00000| PB 0x0000000706c00000| Untracked 
|  41|0x0000000706e00000, 0x0000000706e00000, 0x0000000707000000|  0%| F|  |TAMS 0x0000000706e00000| PB 0x0000000706e00000| Untracked 
|  42|0x0000000707000000, 0x0000000707000000, 0x0000000707200000|  0%| F|  |TAMS 0x0000000707000000| PB 0x0000000707000000| Untracked 
|  43|0x0000000707200000, 0x0000000707200000, 0x0000000707400000|  0%| F|  |TAMS 0x0000000707200000| PB 0x0000000707200000| Untracked 
|  44|0x0000000707400000, 0x0000000707400000, 0x0000000707600000|  0%| F|  |TAMS 0x0000000707400000| PB 0x0000000707400000| Untracked 
|  45|0x0000000707600000, 0x0000000707600000, 0x0000000707800000|  0%| F|  |TAMS 0x0000000707600000| PB 0x0000000707600000| Untracked 
|  46|0x0000000707800000, 0x0000000707800000, 0x0000000707a00000|  0%| F|  |TAMS 0x0000000707800000| PB 0x0000000707800000| Untracked 
|  47|0x0000000707a00000, 0x0000000707a00000, 0x0000000707c00000|  0%| F|  |TAMS 0x0000000707a00000| PB 0x0000000707a00000| Untracked 
|  48|0x0000000707c00000, 0x0000000707c00000, 0x0000000707e00000|  0%| F|  |TAMS 0x0000000707c00000| PB 0x0000000707c00000| Untracked 
|  49|0x0000000707e00000, 0x0000000707e00000, 0x0000000708000000|  0%| F|  |TAMS 0x0000000707e00000| PB 0x0000000707e00000| Untracked 
|  50|0x0000000708000000, 0x0000000708000000, 0x0000000708200000|  0%| F|  |TAMS 0x0000000708000000| PB 0x0000000708000000| Untracked 
|  51|0x0000000708200000, 0x0000000708200000, 0x0000000708400000|  0%| F|  |TAMS 0x0000000708200000| PB 0x0000000708200000| Untracked 
|  52|0x0000000708400000, 0x0000000708400000, 0x0000000708600000|  0%| F|  |TAMS 0x0000000708400000| PB 0x0000000708400000| Untracked 
|  53|0x0000000708600000, 0x0000000708600000, 0x0000000708800000|  0%| F|  |TAMS 0x0000000708600000| PB 0x0000000708600000| Untracked 
|  54|0x0000000708800000, 0x0000000708800000, 0x0000000708a00000|  0%| F|  |TAMS 0x0000000708800000| PB 0x0000000708800000| Untracked 
|  55|0x0000000708a00000, 0x0000000708a00000, 0x0000000708c00000|  0%| F|  |TAMS 0x0000000708a00000| PB 0x0000000708a00000| Untracked 
|  56|0x0000000708c00000, 0x0000000708c00000, 0x0000000708e00000|  0%| F|  |TAMS 0x0000000708c00000| PB 0x0000000708c00000| Untracked 
|  57|0x0000000708e00000, 0x0000000708e00000, 0x0000000709000000|  0%| F|  |TAMS 0x0000000708e00000| PB 0x0000000708e00000| Untracked 
|  58|0x0000000709000000, 0x0000000709000000, 0x0000000709200000|  0%| F|  |TAMS 0x0000000709000000| PB 0x0000000709000000| Untracked 
|  59|0x0000000709200000, 0x0000000709200000, 0x0000000709400000|  0%| F|  |TAMS 0x0000000709200000| PB 0x0000000709200000| Untracked 
|  60|0x0000000709400000, 0x0000000709400000, 0x0000000709600000|  0%| F|  |TAMS 0x0000000709400000| PB 0x0000000709400000| Untracked 
|  61|0x0000000709600000, 0x0000000709600000, 0x0000000709800000|  0%| F|  |TAMS 0x0000000709600000| PB 0x0000000709600000| Untracked 
|  62|0x0000000709800000, 0x0000000709800000, 0x0000000709a00000|  0%| F|  |TAMS 0x0000000709800000| PB 0x0000000709800000| Untracked 
|  63|0x0000000709a00000, 0x0000000709a00000, 0x0000000709c00000|  0%| F|  |TAMS 0x0000000709a00000| PB 0x0000000709a00000| Untracked 
|  64|0x0000000709c00000, 0x0000000709c00000, 0x0000000709e00000|  0%| F|  |TAMS 0x0000000709c00000| PB 0x0000000709c00000| Untracked 
|  65|0x0000000709e00000, 0x0000000709e00000, 0x000000070a000000|  0%| F|  |TAMS 0x0000000709e00000| PB 0x0000000709e00000| Untracked 
|  66|0x000000070a000000, 0x000000070a000000, 0x000000070a200000|  0%| F|  |TAMS 0x000000070a000000| PB 0x000000070a000000| Untracked 
|  67|0x000000070a200000, 0x000000070a200000, 0x000000070a400000|  0%| F|  |TAMS 0x000000070a200000| PB 0x000000070a200000| Untracked 
|  68|0x000000070a400000, 0x000000070a400000, 0x000000070a600000|  0%| F|  |TAMS 0x000000070a400000| PB 0x000000070a400000| Untracked 
|  69|0x000000070a600000, 0x000000070a600000, 0x000000070a800000|  0%| F|  |TAMS 0x000000070a600000| PB 0x000000070a600000| Untracked 
|  70|0x000000070a800000, 0x000000070a800000, 0x000000070aa00000|  0%| F|  |TAMS 0x000000070a800000| PB 0x000000070a800000| Untracked 
|  71|0x000000070aa00000, 0x000000070aa00000, 0x000000070ac00000|  0%| F|  |TAMS 0x000000070aa00000| PB 0x000000070aa00000| Untracked 
|  72|0x000000070ac00000, 0x000000070ac00000, 0x000000070ae00000|  0%| F|  |TAMS 0x000000070ac00000| PB 0x000000070ac00000| Untracked 
|  73|0x000000070ae00000, 0x000000070ae00000, 0x000000070b000000|  0%| F|  |TAMS 0x000000070ae00000| PB 0x000000070ae00000| Untracked 
|  74|0x000000070b000000, 0x000000070b000000, 0x000000070b200000|  0%| F|  |TAMS 0x000000070b000000| PB 0x000000070b000000| Untracked 
|  75|0x000000070b200000, 0x000000070b200000, 0x000000070b400000|  0%| F|  |TAMS 0x000000070b200000| PB 0x000000070b200000| Untracked 
|  76|0x000000070b400000, 0x000000070b400000, 0x000000070b600000|  0%| F|  |TAMS 0x000000070b400000| PB 0x000000070b400000| Untracked 
|  77|0x000000070b600000, 0x000000070b600000, 0x000000070b800000|  0%| F|  |TAMS 0x000000070b600000| PB 0x000000070b600000| Untracked 
|  78|0x000000070b800000, 0x000000070b800000, 0x000000070ba00000|  0%| F|  |TAMS 0x000000070b800000| PB 0x000000070b800000| Untracked 
|  79|0x000000070ba00000, 0x000000070ba00000, 0x000000070bc00000|  0%| F|  |TAMS 0x000000070ba00000| PB 0x000000070ba00000| Untracked 
|  80|0x000000070bc00000, 0x000000070bc00000, 0x000000070be00000|  0%| F|  |TAMS 0x000000070bc00000| PB 0x000000070bc00000| Untracked 
|  81|0x000000070be00000, 0x000000070be00000, 0x000000070c000000|  0%| F|  |TAMS 0x000000070be00000| PB 0x000000070be00000| Untracked 
|  82|0x000000070c000000, 0x000000070c000000, 0x000000070c200000|  0%| F|  |TAMS 0x000000070c000000| PB 0x000000070c000000| Untracked 
|  83|0x000000070c200000, 0x000000070c200000, 0x000000070c400000|  0%| F|  |TAMS 0x000000070c200000| PB 0x000000070c200000| Untracked 
|  84|0x000000070c400000, 0x000000070c400000, 0x000000070c600000|  0%| F|  |TAMS 0x000000070c400000| PB 0x000000070c400000| Untracked 
|  85|0x000000070c600000, 0x000000070c600000, 0x000000070c800000|  0%| F|  |TAMS 0x000000070c600000| PB 0x000000070c600000| Untracked 
|  86|0x000000070c800000, 0x000000070c800000, 0x000000070ca00000|  0%| F|  |TAMS 0x000000070c800000| PB 0x000000070c800000| Untracked 
|  87|0x000000070ca00000, 0x000000070ca00000, 0x000000070cc00000|  0%| F|  |TAMS 0x000000070ca00000| PB 0x000000070ca00000| Untracked 
|  88|0x000000070cc00000, 0x000000070cc00000, 0x000000070ce00000|  0%| F|  |TAMS 0x000000070cc00000| PB 0x000000070cc00000| Untracked 
|  89|0x000000070ce00000, 0x000000070ce00000, 0x000000070d000000|  0%| F|  |TAMS 0x000000070ce00000| PB 0x000000070ce00000| Untracked 
|  90|0x000000070d000000, 0x000000070d000000, 0x000000070d200000|  0%| F|  |TAMS 0x000000070d000000| PB 0x000000070d000000| Untracked 
|  91|0x000000070d200000, 0x000000070d200000, 0x000000070d400000|  0%| F|  |TAMS 0x000000070d200000| PB 0x000000070d200000| Untracked 
|  92|0x000000070d400000, 0x000000070d400000, 0x000000070d600000|  0%| F|  |TAMS 0x000000070d400000| PB 0x000000070d400000| Untracked 
|  93|0x000000070d600000, 0x000000070d600000, 0x000000070d800000|  0%| F|  |TAMS 0x000000070d600000| PB 0x000000070d600000| Untracked 
|  94|0x000000070d800000, 0x000000070d800000, 0x000000070da00000|  0%| F|  |TAMS 0x000000070d800000| PB 0x000000070d800000| Untracked 
|  95|0x000000070da00000, 0x000000070da00000, 0x000000070dc00000|  0%| F|  |TAMS 0x000000070da00000| PB 0x000000070da00000| Untracked 
|  96|0x000000070dc00000, 0x000000070dc00000, 0x000000070de00000|  0%| F|  |TAMS 0x000000070dc00000| PB 0x000000070dc00000| Untracked 
|  97|0x000000070de00000, 0x000000070de00000, 0x000000070e000000|  0%| F|  |TAMS 0x000000070de00000| PB 0x000000070de00000| Untracked 
|  98|0x000000070e000000, 0x000000070e000000, 0x000000070e200000|  0%| F|  |TAMS 0x000000070e000000| PB 0x000000070e000000| Untracked 
|  99|0x000000070e200000, 0x000000070e200000, 0x000000070e400000|  0%| F|  |TAMS 0x000000070e200000| PB 0x000000070e200000| Untracked 
| 100|0x000000070e400000, 0x000000070e400000, 0x000000070e600000|  0%| F|  |TAMS 0x000000070e400000| PB 0x000000070e400000| Untracked 
| 101|0x000000070e600000, 0x000000070e600000, 0x000000070e800000|  0%| F|  |TAMS 0x000000070e600000| PB 0x000000070e600000| Untracked 
| 102|0x000000070e800000, 0x000000070e800000, 0x000000070ea00000|  0%| F|  |TAMS 0x000000070e800000| PB 0x000000070e800000| Untracked 
| 103|0x000000070ea00000, 0x000000070ea00000, 0x000000070ec00000|  0%| F|  |TAMS 0x000000070ea00000| PB 0x000000070ea00000| Untracked 
| 104|0x000000070ec00000, 0x000000070ec00000, 0x000000070ee00000|  0%| F|  |TAMS 0x000000070ec00000| PB 0x000000070ec00000| Untracked 
| 105|0x000000070ee00000, 0x000000070ee980e8, 0x000000070f000000| 29%| E|  |TAMS 0x000000070ee00000| PB 0x000000070ee00000| Complete 
| 106|0x000000070f000000, 0x000000070f200000, 0x000000070f200000|100%| E|CS|TAMS 0x000000070f000000| PB 0x000000070f000000| Complete 
| 107|0x000000070f200000, 0x000000070f400000, 0x000000070f400000|100%| E|CS|TAMS 0x000000070f200000| PB 0x000000070f200000| Complete 
| 108|0x000000070f400000, 0x000000070f600000, 0x000000070f600000|100%| E|CS|TAMS 0x000000070f400000| PB 0x000000070f400000| Complete 
| 109|0x000000070f600000, 0x000000070f800000, 0x000000070f800000|100%| E|CS|TAMS 0x000000070f600000| PB 0x000000070f600000| Complete 
| 110|0x000000070f800000, 0x000000070fa00000, 0x000000070fa00000|100%| E|CS|TAMS 0x000000070f800000| PB 0x000000070f800000| Complete 
| 111|0x000000070fa00000, 0x000000070fc00000, 0x000000070fc00000|100%| E|CS|TAMS 0x000000070fa00000| PB 0x000000070fa00000| Complete 
| 112|0x000000070fc00000, 0x000000070fe00000, 0x000000070fe00000|100%| E|CS|TAMS 0x000000070fc00000| PB 0x000000070fc00000| Complete 
| 113|0x000000070fe00000, 0x0000000710000000, 0x0000000710000000|100%| E|CS|TAMS 0x000000070fe00000| PB 0x000000070fe00000| Complete 
| 114|0x0000000710000000, 0x0000000710200000, 0x0000000710200000|100%| E|CS|TAMS 0x0000000710000000| PB 0x0000000710000000| Complete 
| 115|0x0000000710200000, 0x0000000710400000, 0x0000000710400000|100%| E|CS|TAMS 0x0000000710200000| PB 0x0000000710200000| Complete 
| 116|0x0000000710400000, 0x0000000710600000, 0x0000000710600000|100%| E|CS|TAMS 0x0000000710400000| PB 0x0000000710400000| Complete 
| 117|0x0000000710600000, 0x00000007106c31a0, 0x0000000710800000| 38%| S|CS|TAMS 0x0000000710600000| PB 0x0000000710600000| Complete 
| 118|0x0000000710800000, 0x0000000710a00000, 0x0000000710a00000|100%| S|CS|TAMS 0x0000000710800000| PB 0x0000000710800000| Complete 
| 119|0x0000000710a00000, 0x0000000710c00000, 0x0000000710c00000|100%| E|CS|TAMS 0x0000000710a00000| PB 0x0000000710a00000| Complete 
| 120|0x0000000710c00000, 0x0000000710e00000, 0x0000000710e00000|100%| E|CS|TAMS 0x0000000710c00000| PB 0x0000000710c00000| Complete 
| 121|0x0000000710e00000, 0x0000000711000000, 0x0000000711000000|100%| E|CS|TAMS 0x0000000710e00000| PB 0x0000000710e00000| Complete 
| 122|0x0000000711000000, 0x0000000711200000, 0x0000000711200000|100%| E|CS|TAMS 0x0000000711000000| PB 0x0000000711000000| Complete 
| 123|0x0000000711200000, 0x0000000711400000, 0x0000000711400000|100%| E|CS|TAMS 0x0000000711200000| PB 0x0000000711200000| Complete 
| 124|0x0000000711400000, 0x0000000711600000, 0x0000000711600000|100%| E|CS|TAMS 0x0000000711400000| PB 0x0000000711400000| Complete 
| 125|0x0000000711600000, 0x0000000711800000, 0x0000000711800000|100%| E|CS|TAMS 0x0000000711600000| PB 0x0000000711600000| Complete 
| 126|0x0000000711800000, 0x0000000711a00000, 0x0000000711a00000|100%| E|CS|TAMS 0x0000000711800000| PB 0x0000000711800000| Complete 
| 127|0x0000000711a00000, 0x0000000711c00000, 0x0000000711c00000|100%| E|CS|TAMS 0x0000000711a00000| PB 0x0000000711a00000| Complete 

Card table byte_map: [0x000002177f3b0000,0x000002177fbb0000] _byte_map_base: 0x000002177bba2000

Marking Bits: (CMBitMap*) 0x00000217659c0220
 Bits: [0x0000021700000000, 0x0000021703f90000)

Polling page: 0x0000021765a20000

Metaspace:

Usage:
  Non-class:     11.25 MB used.
      Class:      1.76 MB used.
       Both:     13.01 MB used.

Virtual space:
  Non-class space:       64.00 MB reserved,      11.38 MB ( 18%) committed,  1 nodes.
      Class space:        1.00 GB reserved,       1.88 MB ( <1%) committed,  1 nodes.
             Both:        1.06 GB reserved,      13.25 MB (  1%) committed. 

Chunk freelists:
   Non-Class:  3.50 MB
       Class:  14.17 MB
        Both:  17.67 MB

MaxMetaspaceSize: unlimited
CompressedClassSpaceSize: 1.00 GB
Initial GC threshold: 21.00 MB
Current GC threshold: 21.00 MB
CDS: on
 - commit_granule_bytes: 65536.
 - commit_granule_words: 8192.
 - virtual_space_node_default_size: 8388608.
 - enlarge_chunks_in_place: 1.
 - use_allocation_guard: 0.


Internal statistics:

num_allocs_failed_limit: 0.
num_arena_births: 234.
num_arena_deaths: 0.
num_vsnodes_births: 2.
num_vsnodes_deaths: 0.
num_space_committed: 212.
num_space_uncommitted: 0.
num_chunks_returned_to_freelist: 0.
num_chunks_taken_from_freelist: 696.
num_chunk_merges: 0.
num_chunk_splits: 476.
num_chunks_enlarged: 361.
num_inconsistent_stats: 0.

CodeHeap 'non-profiled nmethods': size=120000Kb used=1429Kb max_used=1429Kb free=118570Kb
 bounds [0x0000021777050000, 0x00000217772c0000, 0x000002177e580000]
CodeHeap 'profiled nmethods': size=120000Kb used=5998Kb max_used=5998Kb free=114001Kb
 bounds [0x000002176f580000, 0x000002176fb60000, 0x0000021776ab0000]
CodeHeap 'non-nmethods': size=5760Kb used=1752Kb max_used=1798Kb free=4008Kb
 bounds [0x0000021776ab0000, 0x0000021776d20000, 0x0000021777050000]
 total_blobs=3905 nmethods=3126 adapters=682
 compilation: enabled
              stopped_count=0, restarted_count=0
 full_count=0

Compilation events (20 events):
Event: 12.393 Thread 0x0000021706430700 3116       1       com.sun.javafx.scene.SceneEventDispatcher::getLastDispatcher (5 bytes)
Event: 12.393 Thread 0x0000021706430700 nmethod 3116 0x00000217771b3f10 code [0x00000217771b40a0, 0x00000217771b4170]
Event: 12.445 Thread 0x0000021706430700 3117       3       com.sun.javafx.css.PseudoClassState::containsAll (6 bytes)
Event: 12.445 Thread 0x0000021706430700 nmethod 3117 0x000002176fb56a10 code [0x000002176fb56bc0, 0x000002176fb56d08]
Event: 12.481 Thread 0x0000021706253670 3118       4       com.sun.javafx.collections.VetoableListDecorator::get (11 bytes)
Event: 12.482 Thread 0x0000021706253670 nmethod 3118 0x00000217771b4210 code [0x00000217771b43c0, 0x00000217771b4580]
Event: 12.524 Thread 0x0000021706430700 3119       3       javafx.scene.Node::preprocessMouseEvent (114 bytes)
Event: 12.526 Thread 0x0000021706430700 nmethod 3119 0x000002176fb56d90 code [0x000002176fb57180, 0x000002176fb59248]
Event: 12.915 Thread 0x0000021706430700 3121       1       javafx.util.Duration::toMillis (5 bytes)
Event: 12.915 Thread 0x0000021706430700 nmethod 3121 0x00000217771b4b10 code [0x00000217771b4ca0, 0x00000217771b4d68]
Event: 12.925 Thread 0x0000021706253670 3122       4       java.lang.StringConcatHelper::prepend (37 bytes)
Event: 12.926 Thread 0x0000021706253670 nmethod 3122 0x00000217771b4e10 code [0x00000217771b4fa0, 0x00000217771b5170]
Event: 12.927 Thread 0x0000021706430700 3123       3       com.sun.javafx.font.CompositeStrike::getStrikeSlot (163 bytes)
Event: 12.927 Thread 0x0000021706430700 nmethod 3123 0x000002176fb59a90 code [0x000002176fb59d40, 0x000002176fb5adb0]
Event: 13.143 Thread 0x0000021706430700 3124       1       java.util.stream.Collectors$CollectorImpl::characteristics (5 bytes)
Event: 13.143 Thread 0x0000021706430700 nmethod 3124 0x00000217771b5310 code [0x00000217771b54a0, 0x00000217771b5570]
Event: 13.151 Thread 0x0000021706430700 3125       3       com.sun.javafx.css.PseudoClassState::contains (6 bytes)
Event: 13.151 Thread 0x0000021706430700 nmethod 3125 0x000002176fb5b290 code [0x000002176fb5b440, 0x000002176fb5b588]
Event: 13.158 Thread 0x0000021706430700 3126       3       jdk.internal.org.objectweb.asm.MethodVisitor::visitInsn (16 bytes)
Event: 13.158 Thread 0x0000021706430700 nmethod 3126 0x000002176fb5b610 code [0x000002176fb5b7c0, 0x000002176fb5b9d8]

GC Heap History (4 events):
Event: 0.871 GC heap before
{Heap before GC invocations=0 (full 0):
 garbage-first heap   total 262144K, used 12288K [0x0000000701c00000, 0x0000000800000000)
  region size 2048K, 6 young (12288K), 0 survivors (0K)
 Metaspace       used 1732K, committed 1920K, reserved 1114112K
  class space    used 171K, committed 256K, reserved 1048576K
}
Event: 0.878 GC heap after
{Heap after GC invocations=1 (full 0):
 garbage-first heap   total 262144K, used 1794K [0x0000000701c00000, 0x0000000800000000)
  region size 2048K, 1 young (2048K), 1 survivors (2048K)
 Metaspace       used 1732K, committed 1920K, reserved 1114112K
  class space    used 171K, committed 256K, reserved 1048576K
}
Event: 1.325 GC heap before
{Heap before GC invocations=1 (full 0):
 garbage-first heap   total 262144K, used 16130K [0x0000000701c00000, 0x0000000800000000)
  region size 2048K, 9 young (18432K), 1 survivors (2048K)
 Metaspace       used 5982K, committed 6208K, reserved 1114112K
  class space    used 768K, committed 896K, reserved 1048576K
}
Event: 1.328 GC heap after
{Heap after GC invocations=2 (full 0):
 garbage-first heap   total 262144K, used 2828K [0x0000000701c00000, 0x0000000800000000)
  region size 2048K, 2 young (4096K), 2 survivors (4096K)
 Metaspace       used 5982K, committed 6208K, reserved 1114112K
  class space    used 768K, committed 896K, reserved 1048576K
}

Dll operation events (20 events):
Event: 0.781 Loaded shared library C:\Users\FERNANDY ELOKA\.openjfx\cache\21+31\amd64\api-ms-win-crt-locale-l1-1-0.dll
Event: 0.787 Loaded shared library C:\Users\FERNANDY ELOKA\.openjfx\cache\21+31\amd64\api-ms-win-crt-math-l1-1-0.dll
Event: 0.794 Loaded shared library C:\Users\FERNANDY ELOKA\.openjfx\cache\21+31\amd64\api-ms-win-crt-multibyte-l1-1-0.dll
Event: 0.805 Loaded shared library C:\Users\FERNANDY ELOKA\.openjfx\cache\21+31\amd64\api-ms-win-crt-private-l1-1-0.dll
Event: 0.812 Loaded shared library C:\Users\FERNANDY ELOKA\.openjfx\cache\21+31\amd64\api-ms-win-crt-process-l1-1-0.dll
Event: 0.817 Loaded shared library C:\Users\FERNANDY ELOKA\.openjfx\cache\21+31\amd64\api-ms-win-crt-runtime-l1-1-0.dll
Event: 0.824 Loaded shared library C:\Users\FERNANDY ELOKA\.openjfx\cache\21+31\amd64\api-ms-win-crt-stdio-l1-1-0.dll
Event: 0.829 Loaded shared library C:\Users\FERNANDY ELOKA\.openjfx\cache\21+31\amd64\api-ms-win-crt-string-l1-1-0.dll
Event: 0.835 Loaded shared library C:\Users\FERNANDY ELOKA\.openjfx\cache\21+31\amd64\api-ms-win-crt-time-l1-1-0.dll
Event: 0.840 Loaded shared library C:\Users\FERNANDY ELOKA\.openjfx\cache\21+31\amd64\api-ms-win-crt-utility-l1-1-0.dll
Event: 0.859 Loaded shared library C:\Users\FERNANDY ELOKA\.openjfx\cache\21+31\amd64\ucrtbase.dll
Event: 0.867 Loaded shared library C:\Users\FERNANDY ELOKA\.openjfx\cache\21+31\amd64\vcruntime140.dll
Event: 0.881 Loaded shared library C:\Users\FERNANDY ELOKA\.openjfx\cache\21+31\amd64\vcruntime140_1.dll
Event: 0.892 Loaded shared library C:\Users\FERNANDY ELOKA\.openjfx\cache\21+31\amd64\msvcp140.dll
Event: 0.898 Loaded shared library C:\Users\FERNANDY ELOKA\.openjfx\cache\21+31\amd64\msvcp140_1.dll
Event: 0.906 Loaded shared library C:\Users\FERNANDY ELOKA\.openjfx\cache\21+31\amd64\msvcp140_2.dll
Event: 0.976 Loaded shared library C:\Users\FERNANDY ELOKA\.openjfx\cache\21+31\amd64\prism_d3d.dll
Event: 1.051 Loaded shared library C:\Users\FERNANDY ELOKA\.openjfx\cache\21+31\amd64\glass.dll
Event: 1.222 Loaded shared library C:\Program Files\Java\jdk-21\bin\jimage.dll
Event: 1.238 Loaded shared library C:\Users\FERNANDY ELOKA\.openjfx\cache\21+31\amd64\javafx_font.dll

Deoptimization events (20 events):
Event: 10.780 Thread 0x000002174c2e0380 DEOPT PACKING pc=0x0000021777142d38 sp=0x00000069882fe130
Event: 10.780 Thread 0x000002174c2e0380 DEOPT UNPACKING pc=0x0000021776b046a2 sp=0x00000069882fe048 mode 2
Event: 10.781 Thread 0x000002174c2e0380 Uncommon trap: trap_request=0xffffff45 fr.pc=0x000002177717c5ec relative=0x00000000000000cc
Event: 10.781 Thread 0x000002174c2e0380 Uncommon trap: reason=unstable_if action=reinterpret pc=0x000002177717c5ec method=com.sun.marlin.Renderer.closePath()V @ 9 c2
Event: 10.781 Thread 0x000002174c2e0380 DEOPT PACKING pc=0x000002177717c5ec sp=0x00000069882fdea0
Event: 10.781 Thread 0x000002174c2e0380 DEOPT UNPACKING pc=0x0000021776b046a2 sp=0x00000069882fde38 mode 2
Event: 10.782 Thread 0x000002174c2e0380 Uncommon trap: trap_request=0xffffff45 fr.pc=0x0000021777106d98 relative=0x0000000000000938
Event: 10.782 Thread 0x000002174c2e0380 Uncommon trap: reason=unstable_if action=reinterpret pc=0x0000021777106d98 method=com.sun.marlin.MaskMarlinAlphaConsumer.setAndClearRelativeAlphas([I[IIII)V @ 82 c2
Event: 10.782 Thread 0x000002174c2e0380 DEOPT PACKING pc=0x0000021777106d98 sp=0x00000069882fde60
Event: 10.782 Thread 0x000002174c2e0380 DEOPT UNPACKING pc=0x0000021776b046a2 sp=0x00000069882fdd68 mode 2
Event: 10.789 Thread 0x000002174c2e0380 DEOPT PACKING pc=0x000002176fb418a1 sp=0x00000069882fdd50
Event: 10.789 Thread 0x000002174c2e0380 DEOPT UNPACKING pc=0x0000021776b04e42 sp=0x00000069882fd1b8 mode 0
Event: 10.789 Thread 0x000002174c2e0380 DEOPT PACKING pc=0x000002176fb418a1 sp=0x00000069882fdd50
Event: 10.789 Thread 0x000002174c2e0380 DEOPT UNPACKING pc=0x0000021776b04e42 sp=0x00000069882fd1b8 mode 0
Event: 10.789 Thread 0x000002174c2e0380 DEOPT PACKING pc=0x000002176fb418a1 sp=0x00000069882fdd50
Event: 10.789 Thread 0x000002174c2e0380 DEOPT UNPACKING pc=0x0000021776b04e42 sp=0x00000069882fd1b8 mode 0
Event: 10.789 Thread 0x000002174c2e0380 DEOPT PACKING pc=0x000002176fb418a1 sp=0x00000069882fdd50
Event: 10.789 Thread 0x000002174c2e0380 DEOPT UNPACKING pc=0x0000021776b04e42 sp=0x00000069882fd1b8 mode 0
Event: 10.789 Thread 0x000002174c2e0380 DEOPT PACKING pc=0x000002176fb418a1 sp=0x00000069882fdd50
Event: 10.789 Thread 0x000002174c2e0380 DEOPT UNPACKING pc=0x0000021776b04e42 sp=0x00000069882fd1b8 mode 0

Classes loaded (20 events):
Event: 1.992 Loading class java/nio/DirectFloatBufferU
Event: 1.992 Loading class java/nio/DirectFloatBufferU done
Event: 2.116 Loading class java/lang/FdLibm$Hypot
Event: 2.116 Loading class java/lang/FdLibm$Hypot done
Event: 2.116 Loading class java/lang/FdLibm
Event: 2.116 Loading class java/lang/FdLibm done
Event: 2.160 Loading class java/util/EnumMap$Values
Event: 2.160 Loading class java/util/EnumMap$Values done
Event: 2.160 Loading class java/util/EnumMap$ValueIterator
Event: 2.160 Loading class java/util/EnumMap$EnumMapIterator
Event: 2.160 Loading class java/util/EnumMap$EnumMapIterator done
Event: 2.160 Loading class java/util/EnumMap$ValueIterator done
Event: 2.244 Loading class java/lang/FdLibm$Acos
Event: 2.244 Loading class java/lang/FdLibm$Acos done
Event: 2.245 Loading class java/lang/FdLibm$Cbrt
Event: 2.245 Loading class java/lang/FdLibm$Cbrt done
Event: 3.144 Loading class java/io/UnsupportedEncodingException
Event: 3.144 Loading class java/io/UnsupportedEncodingException done
Event: 13.165 Loading class java/util/LinkedList$ListItr
Event: 13.165 Loading class java/util/LinkedList$ListItr done

Classes unloaded (0 events):
No events

Classes redefined (0 events):
No events

Internal exceptions (20 events):
Event: 1.344 Thread 0x000002174c359560 Exception <a 'java/lang/ClassNotFoundException'{0x0000000711aaf160}: com/sun/glass/ui/win/themes_fr_FR> (0x0000000711aaf160) 
thrown [s\open\src\hotspot\share\prims\jni.cpp, line 539]
Event: 1.460 Thread 0x000002174c359560 Exception <a 'java/lang/NoSuchMethodError'{0x00000007114e4a88}: 'void java.lang.invoke.DirectMethodHandle$Holder.invokeStaticInit(java.lang.Object, java.lang.Object)'> (0x00000007114e4a88) 
thrown [s\open\src\hotspot\share\interpreter\linkResolver.cpp, line 773]
Event: 1.516 Thread 0x000002174c359560 Implicit null exception at 0x00000217770715a9 to 0x00000217770718e8
Event: 1.537 Thread 0x000002174c359560 Implicit null exception at 0x00000217770c0180 to 0x00000217770c0668
Event: 1.538 Thread 0x000002174c359560 Implicit null exception at 0x00000217770bea80 to 0x00000217770bef94
Event: 1.538 Thread 0x000002174c359560 Implicit null exception at 0x0000021777068d00 to 0x0000021777068fec
Event: 1.647 Thread 0x000002174c359560 Exception <a 'java/io/FileNotFoundException'{0x0000000710cfad48}> (0x0000000710cfad48) 
thrown [s\open\src\hotspot\share\prims\jni.cpp, line 520]
Event: 1.733 Thread 0x000002174c359560 Exception <a 'java/lang/NoSuchMethodError'{0x00000007104910d0}: 'java.lang.Object java.lang.invoke.DirectMethodHandle$Holder.invokeInterface(java.lang.Object, java.lang.Object, java.lang.Object)'> (0x00000007104910d0) 
thrown [s\open\src\hotspot\share\interpreter\linkResolver.cpp, line 773]
Event: 1.733 Thread 0x000002174c359560 Exception <a 'java/lang/IncompatibleClassChangeError'{0x0000000710494778}: Found class java.lang.Object, but interface was expected> (0x0000000710494778) 
thrown [s\open\src\hotspot\share\interpreter\linkResolver.cpp, line 840]
Event: 1.798 Thread 0x000002174c359560 Exception <a 'java/lang/NoSuchMethodError'{0x0000000710259cc0}: 'int java.lang.invoke.DirectMethodHandle$Holder.invokeSpecial(java.lang.Object, java.lang.Object, int)'> (0x0000000710259cc0) 
thrown [s\open\src\hotspot\share\interpreter\linkResolver.cpp, line 773]
Event: 1.800 Thread 0x000002174c359560 Exception <a 'java/lang/NoSuchMethodError'{0x0000000710261060}: 'int java.lang.invoke.DirectMethodHandle$Holder.invokeSpecial(java.lang.Object, java.lang.Object, java.lang.Object, int)'> (0x0000000710261060) 
thrown [s\open\src\hotspot\share\interpreter\linkResolver.cpp, line 773]
Event: 1.801 Thread 0x000002174c359560 Exception <a 'java/lang/NoSuchMethodError'{0x0000000710272e80}: 'java.lang.Object java.lang.invoke.DirectMethodHandle$Holder.invokeStatic(java.lang.Object, java.lang.Object, java.lang.Object, java.lang.Object, int)'> (0x0000000710272e80) 
thrown [s\open\src\hotspot\share\interpreter\linkResolver.cpp, line 773]
Event: 1.802 Thread 0x000002174c359560 Exception <a 'java/lang/NoSuchMethodError'{0x000000071027b4d8}: 'int java.lang.invoke.DirectMethodHandle$Holder.invokeSpecial(java.lang.Object, java.lang.Object, java.lang.Object)'> (0x000000071027b4d8) 
thrown [s\open\src\hotspot\share\interpreter\linkResolver.cpp, line 773]
Event: 1.816 Thread 0x000002174c359560 Exception <a 'java/lang/NoSuchMethodError'{0x000000071033a618}: 'java.lang.Object java.lang.invoke.DirectMethodHandle$Holder.newInvokeSpecial(java.lang.Object, java.lang.Object, int)'> (0x000000071033a618) 
thrown [s\open\src\hotspot\share\interpreter\linkResolver.cpp, line 773]
Event: 1.874 Thread 0x000002174c2e0380 Exception <a 'java/lang/NoSuchMethodError'{0x00000007103e47d8}: 'int java.lang.invoke.DirectMethodHandle$Holder.invokeStaticInit(java.lang.Object, java.lang.Object)'> (0x00000007103e47d8) 
thrown [s\open\src\hotspot\share\interpreter\linkResolver.cpp, line 773]
Event: 1.893 Thread 0x000002174c2e0380 Exception <a 'java/lang/NoSuchMethodError'{0x00000007100a4668}: 'java.lang.Object java.lang.invoke.Invokers$Holder.invokeExact_MT(java.lang.Object, java.lang.Object, java.lang.Object, java.lang.Object, java.lang.Object)'> (0x00000007100a4668) 
thrown [s\open\src\hotspot\share\interpreter\linkResolver.cpp, line 773]
Event: 2.137 Thread 0x000002174c359560 Exception <a 'java/lang/NoSuchMethodError'{0x000000070faa1458}: 'long java.lang.invoke.DirectMethodHandle$Holder.invokeStatic(java.lang.Object, java.lang.Object, java.lang.Object)'> (0x000000070faa1458) 
thrown [s\open\src\hotspot\share\interpreter\linkResolver.cpp, line 773]
Event: 2.138 Thread 0x000002174c359560 Exception <a 'java/lang/NoSuchMethodError'{0x000000070faa4828}: 'long java.lang.invoke.DirectMethodHandle$Holder.invokeStaticInit(java.lang.Object, java.lang.Object, java.lang.Object)'> (0x000000070faa4828) 
thrown [s\open\src\hotspot\share\interpreter\linkResolver.cpp, line 773]
Event: 2.141 Thread 0x000002174c359560 Exception <a 'java/lang/NoSuchMethodError'{0x000000070fab9198}: 'java.lang.Object java.lang.invoke.DirectMethodHandle$Holder.newInvokeSpecial(java.lang.Object, java.lang.Object, long)'> (0x000000070fab9198) 
thrown [s\open\src\hotspot\share\interpreter\linkResolver.cpp, line 773]
Event: 2.142 Thread 0x000002174c359560 Exception <a 'java/lang/NoSuchMethodError'{0x000000070fabca90}: 'java.lang.Object java.lang.invoke.Invokers$Holder.linkToTargetMethod(java.lang.Object, long, java.lang.Object)'> (0x000000070fabca90) 
thrown [s\open\src\hotspot\share\interpreter\linkResolver.cpp, line 773]

ZGC Phase Switch (0 events):
No events

VM Operations (20 events):
Event: 3.370 Executing VM operation: HandshakeAllThreads (Deoptimize) done
Event: 4.370 Executing VM operation: Cleanup
Event: 4.371 Executing VM operation: Cleanup done
Event: 5.371 Executing VM operation: Cleanup
Event: 5.371 Executing VM operation: Cleanup done
Event: 6.372 Executing VM operation: Cleanup
Event: 6.373 Executing VM operation: Cleanup done
Event: 7.373 Executing VM operation: Cleanup
Event: 7.373 Executing VM operation: Cleanup done
Event: 8.374 Executing VM operation: Cleanup
Event: 8.374 Executing VM operation: Cleanup done
Event: 9.375 Executing VM operation: Cleanup
Event: 9.375 Executing VM operation: Cleanup done
Event: 10.375 Executing VM operation: Cleanup
Event: 10.375 Executing VM operation: Cleanup done
Event: 11.375 Executing VM operation: Cleanup
Event: 11.376 Executing VM operation: Cleanup done
Event: 12.376 Executing VM operation: Cleanup
Event: 12.376 Executing VM operation: Cleanup done
Event: 13.165 Executing VM operation: Exit

Events (20 events):
Event: 1.301 Thread 0x000002174c732130 Thread added: 0x000002174c732130
Event: 1.387 Thread 0x000002174c764a80 Thread added: 0x000002174c764a80
Event: 1.914 Thread 0x0000021752e6e920 Thread added: 0x0000021752e6e920
Event: 2.492 Thread 0x000002174c764a80 Thread exited: 0x000002174c764a80
Event: 2.615 Thread 0x000002174c764a80 Thread added: 0x000002174c764a80
Event: 3.036 Thread 0x000002174c764a80 Thread exited: 0x000002174c764a80
Event: 3.164 Thread 0x000002174c764a80 Thread added: 0x000002174c764a80
Event: 3.277 Thread 0x000002174c764a80 Thread exited: 0x000002174c764a80
Event: 3.382 Thread 0x000002174c764a80 Thread added: 0x000002174c764a80
Event: 3.542 Thread 0x000002174c764a80 Thread exited: 0x000002174c764a80
Event: 3.571 Thread 0x000002174c764a80 Thread added: 0x000002174c764a80
Event: 3.756 Thread 0x000002174c764a80 Thread exited: 0x000002174c764a80
Event: 6.178 Thread 0x000002175289cef0 Thread added: 0x000002175289cef0
Event: 7.292 Thread 0x000002175289cef0 Thread exited: 0x000002175289cef0
Event: 13.162 Thread 0x000002175289bd20 Thread added: 0x000002175289bd20
Event: 13.162 Thread 0x000002175289c3b0 Thread added: 0x000002175289c3b0
Event: 13.162 Thread 0x000002175289b690 Thread added: 0x000002175289b690
Event: 13.163 Thread 0x000002175289c3b0 Thread exited: 0x000002175289c3b0
Event: 13.165 Thread 0x000002175289b690 Thread exited: 0x000002175289b690
Event: 13.165 Thread 0x000002175289bd20 Thread exited: 0x000002175289bd20


Dynamic libraries:
0x00007ff76a7c0000 - 0x00007ff76a7d0000 	C:\Program Files\Java\jdk-21\bin\java.exe
0x00007fff20a10000 - 0x00007fff20c27000 	C:\Windows\SYSTEM32\ntdll.dll
0x00007fff1fde0000 - 0x00007fff1fea4000 	C:\Windows\System32\KERNEL32.DLL
0x00007fff1dff0000 - 0x00007fff1e396000 	C:\Windows\System32\KERNELBASE.dll
0x00007fff1ddf0000 - 0x00007fff1df01000 	C:\Windows\System32\ucrtbase.dll
0x00007ffefbe50000 - 0x00007ffefbe69000 	C:\Program Files\Java\jdk-21\bin\jli.dll
0x00007fff20440000 - 0x00007fff204f3000 	C:\Windows\System32\ADVAPI32.dll
0x00007fff20390000 - 0x00007fff20437000 	C:\Windows\System32\msvcrt.dll
0x00007fff20280000 - 0x00007fff20328000 	C:\Windows\System32\sechost.dll
0x00007fff1df10000 - 0x00007fff1df38000 	C:\Windows\System32\bcrypt.dll
0x00007fff1f750000 - 0x00007fff1f867000 	C:\Windows\System32\RPCRT4.dll
0x00007fff1e760000 - 0x00007fff1e90e000 	C:\Windows\System32\USER32.dll
0x00007fff1df40000 - 0x00007fff1df66000 	C:\Windows\System32\win32u.dll
0x00007fff1e910000 - 0x00007fff1e939000 	C:\Windows\System32\GDI32.dll
0x00007fff1e3a0000 - 0x00007fff1e4b8000 	C:\Windows\System32\gdi32full.dll
0x00007ffef8080000 - 0x00007ffef809b000 	C:\Program Files\Java\jdk-21\bin\VCRUNTIME140.dll
0x00007fff1dd50000 - 0x00007fff1ddea000 	C:\Windows\System32\msvcp_win.dll
0x00007ffeff800000 - 0x00007ffeffa93000 	C:\Windows\WinSxS\amd64_microsoft.windows.common-controls_6595b64144ccf1df_6.0.22621.2506_none_270c5ae97388e100\COMCTL32.dll
0x00007fff15090000 - 0x00007fff1509a000 	C:\Windows\SYSTEM32\VERSION.dll
0x00007fff207a0000 - 0x00007fff207d1000 	C:\Windows\System32\IMM32.DLL
0x00007fff0c460000 - 0x00007fff0c46c000 	C:\Program Files\Java\jdk-21\bin\vcruntime140_1.dll
0x00007ffef2590000 - 0x00007ffef261e000 	C:\Program Files\Java\jdk-21\bin\msvcp140.dll
0x00007ffe4acf0000 - 0x00007ffe4ba03000 	C:\Program Files\Java\jdk-21\bin\server\jvm.dll
0x00007fff20200000 - 0x00007fff20271000 	C:\Windows\System32\WS2_32.dll
0x00007fff1cba0000 - 0x00007fff1cbed000 	C:\Windows\SYSTEM32\POWRPROF.dll
0x00007fff16b20000 - 0x00007fff16b54000 	C:\Windows\SYSTEM32\WINMM.dll
0x00007fff1cb80000 - 0x00007fff1cb93000 	C:\Windows\SYSTEM32\UMPDC.dll
0x00007fff1ce40000 - 0x00007fff1ce58000 	C:\Windows\SYSTEM32\kernel.appcore.dll
0x00007fff03970000 - 0x00007fff0397a000 	C:\Program Files\Java\jdk-21\bin\jimage.dll
0x00007fff1b580000 - 0x00007fff1b7b3000 	C:\Windows\SYSTEM32\DBGHELP.DLL
0x00007fff1f920000 - 0x00007fff1fca9000 	C:\Windows\System32\combase.dll
0x00007fff1feb0000 - 0x00007fff1ff87000 	C:\Windows\System32\OLEAUT32.dll
0x00007fff0ee90000 - 0x00007fff0eec2000 	C:\Windows\SYSTEM32\dbgcore.DLL
0x00007fff1df70000 - 0x00007fff1dfea000 	C:\Windows\System32\bcryptPrimitives.dll
0x00007ffef7fb0000 - 0x00007ffef7fcf000 	C:\Program Files\Java\jdk-21\bin\java.dll
0x00007fff1edc0000 - 0x00007fff1f61b000 	C:\Windows\System32\SHELL32.dll
0x00007fff1bc70000 - 0x00007fff1c566000 	C:\Windows\SYSTEM32\windows.storage.dll
0x00007fff1bb30000 - 0x00007fff1bc6e000 	C:\Windows\SYSTEM32\wintypes.dll
0x00007fff206a0000 - 0x00007fff20793000 	C:\Windows\System32\SHCORE.dll
0x00007fff1fd00000 - 0x00007fff1fd5e000 	C:\Windows\System32\shlwapi.dll
0x00007fff1dc80000 - 0x00007fff1dca6000 	C:\Windows\SYSTEM32\profapi.dll
0x00007ffec0270000 - 0x00007ffec0347000 	C:\Program Files\Java\jdk-21\bin\jsvml.dll
0x00007fff02180000 - 0x00007fff02190000 	C:\Program Files\Java\jdk-21\bin\net.dll
0x00007fff17530000 - 0x00007fff17667000 	C:\Windows\SYSTEM32\WINHTTP.dll
0x00007fff1d2b0000 - 0x00007fff1d319000 	C:\Windows\system32\mswsock.dll
0x00007ffef6f60000 - 0x00007ffef6f76000 	C:\Program Files\Java\jdk-21\bin\nio.dll
0x00007ffef66b0000 - 0x00007ffef66c8000 	C:\Program Files\Java\jdk-21\bin\zip.dll
0x0000021706810000 - 0x0000021706813000 	C:\Users\FERNANDY ELOKA\.openjfx\cache\21+31\amd64\api-ms-win-core-console-l1-1-0.dll
0x0000021706820000 - 0x0000021706823000 	C:\Users\FERNANDY ELOKA\.openjfx\cache\21+31\amd64\api-ms-win-core-console-l1-2-0.dll
0x0000021706830000 - 0x0000021706833000 	C:\Users\FERNANDY ELOKA\.openjfx\cache\21+31\amd64\api-ms-win-core-datetime-l1-1-0.dll
0x0000021706840000 - 0x0000021706843000 	C:\Users\FERNANDY ELOKA\.openjfx\cache\21+31\amd64\api-ms-win-core-debug-l1-1-0.dll
0x0000021706850000 - 0x0000021706853000 	C:\Users\FERNANDY ELOKA\.openjfx\cache\21+31\amd64\api-ms-win-core-errorhandling-l1-1-0.dll
0x0000021706860000 - 0x0000021706864000 	C:\Users\FERNANDY ELOKA\.openjfx\cache\21+31\amd64\api-ms-win-core-file-l1-1-0.dll
0x0000021706870000 - 0x0000021706873000 	C:\Users\FERNANDY ELOKA\.openjfx\cache\21+31\amd64\api-ms-win-core-file-l1-2-0.dll
0x0000021706880000 - 0x0000021706883000 	C:\Users\FERNANDY ELOKA\.openjfx\cache\21+31\amd64\api-ms-win-core-file-l2-1-0.dll
0x0000021706890000 - 0x0000021706893000 	C:\Users\FERNANDY ELOKA\.openjfx\cache\21+31\amd64\api-ms-win-core-handle-l1-1-0.dll
0x00000217068a0000 - 0x00000217068a3000 	C:\Users\FERNANDY ELOKA\.openjfx\cache\21+31\amd64\api-ms-win-core-heap-l1-1-0.dll
0x00000217068b0000 - 0x00000217068b3000 	C:\Users\FERNANDY ELOKA\.openjfx\cache\21+31\amd64\api-ms-win-core-interlocked-l1-1-0.dll
0x00000217068c0000 - 0x00000217068c3000 	C:\Users\FERNANDY ELOKA\.openjfx\cache\21+31\amd64\api-ms-win-core-libraryloader-l1-1-0.dll
0x00000217068d0000 - 0x00000217068d3000 	C:\Users\FERNANDY ELOKA\.openjfx\cache\21+31\amd64\api-ms-win-core-localization-l1-2-0.dll
0x00000217068e0000 - 0x00000217068e3000 	C:\Users\FERNANDY ELOKA\.openjfx\cache\21+31\amd64\api-ms-win-core-memory-l1-1-0.dll
0x00000217068f0000 - 0x00000217068f3000 	C:\Users\FERNANDY ELOKA\.openjfx\cache\21+31\amd64\api-ms-win-core-namedpipe-l1-1-0.dll
0x0000021706900000 - 0x0000021706903000 	C:\Users\FERNANDY ELOKA\.openjfx\cache\21+31\amd64\api-ms-win-core-processenvironment-l1-1-0.dll
0x0000021706910000 - 0x0000021706913000 	C:\Users\FERNANDY ELOKA\.openjfx\cache\21+31\amd64\api-ms-win-core-processthreads-l1-1-0.dll
0x0000021706920000 - 0x0000021706923000 	C:\Users\FERNANDY ELOKA\.openjfx\cache\21+31\amd64\api-ms-win-core-processthreads-l1-1-1.dll
0x0000021706930000 - 0x0000021706933000 	C:\Users\FERNANDY ELOKA\.openjfx\cache\21+31\amd64\api-ms-win-core-profile-l1-1-0.dll
0x0000021706940000 - 0x0000021706943000 	C:\Users\FERNANDY ELOKA\.openjfx\cache\21+31\amd64\api-ms-win-core-rtlsupport-l1-1-0.dll
0x0000021706950000 - 0x0000021706953000 	C:\Users\FERNANDY ELOKA\.openjfx\cache\21+31\amd64\api-ms-win-core-string-l1-1-0.dll
0x0000021706960000 - 0x0000021706963000 	C:\Users\FERNANDY ELOKA\.openjfx\cache\21+31\amd64\api-ms-win-core-synch-l1-1-0.dll
0x0000021706970000 - 0x0000021706973000 	C:\Users\FERNANDY ELOKA\.openjfx\cache\21+31\amd64\api-ms-win-core-synch-l1-2-0.dll
0x0000021706980000 - 0x0000021706983000 	C:\Users\FERNANDY ELOKA\.openjfx\cache\21+31\amd64\api-ms-win-core-sysinfo-l1-1-0.dll
0x0000021706990000 - 0x0000021706993000 	C:\Users\FERNANDY ELOKA\.openjfx\cache\21+31\amd64\api-ms-win-core-timezone-l1-1-0.dll
0x00000217069a0000 - 0x00000217069a3000 	C:\Users\FERNANDY ELOKA\.openjfx\cache\21+31\amd64\api-ms-win-core-util-l1-1-0.dll
0x00000217069b0000 - 0x00000217069b3000 	C:\Users\FERNANDY ELOKA\.openjfx\cache\21+31\amd64\api-ms-win-crt-conio-l1-1-0.dll
0x00000217069c0000 - 0x00000217069c4000 	C:\Users\FERNANDY ELOKA\.openjfx\cache\21+31\amd64\api-ms-win-crt-convert-l1-1-0.dll
0x00000217069d0000 - 0x00000217069d3000 	C:\Users\FERNANDY ELOKA\.openjfx\cache\21+31\amd64\api-ms-win-crt-environment-l1-1-0.dll
0x00000217069e0000 - 0x00000217069e3000 	C:\Users\FERNANDY ELOKA\.openjfx\cache\21+31\amd64\api-ms-win-crt-filesystem-l1-1-0.dll
0x00000217069f0000 - 0x00000217069f3000 	C:\Users\FERNANDY ELOKA\.openjfx\cache\21+31\amd64\api-ms-win-crt-heap-l1-1-0.dll
0x0000021706a00000 - 0x0000021706a03000 	C:\Users\FERNANDY ELOKA\.openjfx\cache\21+31\amd64\api-ms-win-crt-locale-l1-1-0.dll
0x0000021706a10000 - 0x0000021706a15000 	C:\Users\FERNANDY ELOKA\.openjfx\cache\21+31\amd64\api-ms-win-crt-math-l1-1-0.dll
0x0000021706a20000 - 0x0000021706a25000 	C:\Users\FERNANDY ELOKA\.openjfx\cache\21+31\amd64\api-ms-win-crt-multibyte-l1-1-0.dll
0x0000021706a30000 - 0x0000021706a40000 	C:\Users\FERNANDY ELOKA\.openjfx\cache\21+31\amd64\api-ms-win-crt-private-l1-1-0.dll
0x0000021706a40000 - 0x0000021706a43000 	C:\Users\FERNANDY ELOKA\.openjfx\cache\21+31\amd64\api-ms-win-crt-process-l1-1-0.dll
0x0000021706a50000 - 0x0000021706a54000 	C:\Users\FERNANDY ELOKA\.openjfx\cache\21+31\amd64\api-ms-win-crt-runtime-l1-1-0.dll
0x0000021706a60000 - 0x0000021706a64000 	C:\Users\FERNANDY ELOKA\.openjfx\cache\21+31\amd64\api-ms-win-crt-stdio-l1-1-0.dll
0x0000021706a70000 - 0x0000021706a74000 	C:\Users\FERNANDY ELOKA\.openjfx\cache\21+31\amd64\api-ms-win-crt-string-l1-1-0.dll
0x0000021706a80000 - 0x0000021706a83000 	C:\Users\FERNANDY ELOKA\.openjfx\cache\21+31\amd64\api-ms-win-crt-time-l1-1-0.dll
0x0000021706a90000 - 0x0000021706a93000 	C:\Users\FERNANDY ELOKA\.openjfx\cache\21+31\amd64\api-ms-win-crt-utility-l1-1-0.dll
0x00007ffec0170000 - 0x00007ffec026c000 	C:\Users\FERNANDY ELOKA\.openjfx\cache\21+31\amd64\ucrtbase.dll
0x00007ffeeb5d0000 - 0x00007ffeeb5eb000 	C:\Users\FERNANDY ELOKA\.openjfx\cache\21+31\amd64\vcruntime140.dll
0x00007ffefada0000 - 0x00007ffefadac000 	C:\Users\FERNANDY ELOKA\.openjfx\cache\21+31\amd64\vcruntime140_1.dll
0x00007ffec00e0000 - 0x00007ffec016e000 	C:\Users\FERNANDY ELOKA\.openjfx\cache\21+31\amd64\msvcp140.dll
0x00007fff20500000 - 0x00007fff206a0000 	C:\Windows\System32\ole32.dll
0x00007ffefad40000 - 0x00007ffefad49000 	C:\Users\FERNANDY ELOKA\.openjfx\cache\21+31\amd64\msvcp140_1.dll
0x00007ffee2230000 - 0x00007ffee225f000 	C:\Users\FERNANDY ELOKA\.openjfx\cache\21+31\amd64\msvcp140_2.dll
0x00007ffec5f00000 - 0x00007ffec5f2f000 	C:\Users\FERNANDY ELOKA\.openjfx\cache\21+31\amd64\prism_d3d.dll
0x00007ffedbbb0000 - 0x00007ffedbd59000 	C:\Windows\system32\d3d9.dll
0x00007fff1af70000 - 0x00007fff1af9b000 	C:\Windows\SYSTEM32\dwmapi.dll
0x00007fff1afa0000 - 0x00007fff1afd9000 	C:\Windows\SYSTEM32\dxcore.dll
0x00007fff1acb0000 - 0x00007fff1ad5b000 	C:\Windows\system32\uxtheme.dll
0x00007fff17370000 - 0x00007fff173ba000 	C:\Windows\SYSTEM32\directxdatabasehelper.dll
0x00007ffec0090000 - 0x00007ffec00d2000 	C:\Users\FERNANDY ELOKA\.openjfx\cache\21+31\amd64\glass.dll
0x00007fff1f640000 - 0x00007fff1f739000 	C:\Windows\System32\COMDLG32.dll
0x00007fff200a0000 - 0x00007fff201f1000 	C:\Windows\System32\MSCTF.dll
0x00007ffee1ea0000 - 0x00007ffee1eb4000 	C:\Users\FERNANDY ELOKA\.openjfx\cache\21+31\amd64\javafx_font.dll
0x00007fff19700000 - 0x00007fff19974000 	C:\Windows\SYSTEM32\dwrite.dll
0x00007fff1d500000 - 0x00007fff1d51b000 	C:\Windows\SYSTEM32\CRYPTSP.dll
0x00007fff1cda0000 - 0x00007fff1cdd5000 	C:\Windows\system32\rsaenh.dll
0x00007fff1d350000 - 0x00007fff1d37c000 	C:\Windows\SYSTEM32\USERENV.dll
0x00007fff1d4b0000 - 0x00007fff1d4bc000 	C:\Windows\SYSTEM32\CRYPTBASE.dll
0x00007fff1c840000 - 0x00007fff1c86d000 	C:\Windows\SYSTEM32\IPHLPAPI.DLL
0x00007fff20090000 - 0x00007fff20099000 	C:\Windows\System32\NSI.dll
0x00007fff1f870000 - 0x00007fff1f920000 	C:\Windows\System32\clbcatq.dll
0x00007fff192f0000 - 0x00007fff194a0000 	C:\Windows\SYSTEM32\WindowsCodecs.dll
0x00007ffee8250000 - 0x00007ffee82ae000 	C:\Windows\system32\dataexchange.dll
0x00007fff149f0000 - 0x00007fff14c77000 	C:\Windows\system32\twinapi.appcore.dll
0x00007ffec0050000 - 0x00007ffec0082000 	C:\Program Files\Common Files\Microsoft Shared\Ink\rtscom.dll
0x00007fff064d0000 - 0x00007fff0661a000 	C:\Windows\SYSTEM32\textinputframework.dll
0x00007fff1a7a0000 - 0x00007fff1a8d4000 	C:\Windows\SYSTEM32\CoreMessaging.dll
0x00007fff162d0000 - 0x00007fff1663c000 	C:\Windows\SYSTEM32\CoreUIComponents.dll
0x00007ffeef400000 - 0x00007ffeef845000 	C:\Windows\SYSTEM32\UIAutomationCore.DLL
0x00007ffefbda0000 - 0x00007ffefbe4b000 	C:\Windows\System32\OneCoreCommonProxyStub.dll
0x00007fff19980000 - 0x00007fff19f6e000 	C:\Windows\SYSTEM32\d2d1.dll
0x00007fff194a0000 - 0x00007fff196f7000 	C:\Windows\SYSTEM32\d3d11.dll
0x00007fff1ae30000 - 0x00007fff1af28000 	C:\Windows\SYSTEM32\dxgi.dll
0x00007fff15220000 - 0x00007fff15931000 	C:\Windows\SYSTEM32\D3D10Warp.dll

dbghelp: loaded successfully - version: 4.0.5 - missing functions: none
symbol engine: initialized successfully - sym options: 0x614 - pdb path: .;C:\Program Files\Java\jdk-21\bin;C:\Windows\SYSTEM32;C:\Windows\WinSxS\amd64_microsoft.windows.common-controls_6595b64144ccf1df_6.0.22621.2506_none_270c5ae97388e100;C:\Program Files\Java\jdk-21\bin\server;C:\Users\FERNANDY ELOKA\.openjfx\cache\21+31\amd64;C:\Windows\System32\DriverStore\FileRepository\iigd_dch.inf_amd64_51f685305808e3a5;C:\Program Files\Common Files\Microsoft Shared\Ink

VM Arguments:
jvm_args: --module-path=C:\Users\FERNANDY ELOKA\.m2\repository\org\openjfx\javafx-base\21\javafx-base-21-win.jar;C:\Users\FERNANDY ELOKA\.m2\repository\org\openjfx\javafx-base\21\javafx-base-21.jar;C:\Users\FERNANDY ELOKA\.m2\repository\org\openjfx\javafx-controls\21\javafx-controls-21-win.jar;C:\Users\FERNANDY ELOKA\.m2\repository\org\openjfx\javafx-controls\21\javafx-controls-21.jar;C:\Users\FERNANDY ELOKA\.m2\repository\org\openjfx\javafx-graphics\21\javafx-graphics-21-win.jar;C:\Users\FERNANDY ELOKA\.m2\repository\org\openjfx\javafx-graphics\21\javafx-graphics-21.jar --add-modules=javafx.base,javafx.controls,javafx.graphics 
java_command: test.frontfx.TicTacToe
java_class_path (initial): C:\Users\FERNANDY ELOKA\OneDrive\Documents\testfx\target\classes
Launcher Type: SUN_STANDARD

[Global flags]
     intx CICompilerCount                          = 3                                         {product} {ergonomic}
     uint ConcGCThreads                            = 1                                         {product} {ergonomic}
     uint G1ConcRefinementThreads                  = 4                                         {product} {ergonomic}
   size_t G1HeapRegionSize                         = 2097152                                   {product} {ergonomic}
    uintx GCDrainStackTargetSize                   = 64                                        {product} {ergonomic}
   size_t InitialHeapSize                          = 268435456                                 {product} {ergonomic}
   size_t MarkStackSize                            = 4194304                                   {product} {ergonomic}
   size_t MaxHeapSize                              = 4265607168                                {product} {ergonomic}
   size_t MaxNewSize                               = 2558525440                                {product} {ergonomic}
   size_t MinHeapDeltaBytes                        = 2097152                                   {product} {ergonomic}
   size_t MinHeapSize                              = 8388608                                   {product} {ergonomic}
    uintx NonNMethodCodeHeapSize                   = 5832780                                {pd product} {ergonomic}
    uintx NonProfiledCodeHeapSize                  = 122912730                              {pd product} {ergonomic}
    uintx ProfiledCodeHeapSize                     = 122912730                              {pd product} {ergonomic}
    uintx ReservedCodeCacheSize                    = 251658240                              {pd product} {ergonomic}
     bool SegmentedCodeCache                       = true                                      {product} {ergonomic}
   size_t SoftMaxHeapSize                          = 4265607168                             {manageable} {ergonomic}
     bool UseCompressedOops                        = true                           {product lp64_product} {ergonomic}
     bool UseG1GC                                  = true                                      {product} {ergonomic}
     bool UseLargePagesIndividualAllocation        = false                                  {pd product} {ergonomic}

Logging:
Log output configuration:
 #0: stdout all=off uptime,level,tags foldmultilines=false
 #1: stderr all=off uptime,level,tags foldmultilines=false

Environment Variables:
JAVA_HOME=C:\Program Files\Java\jdk-21
PATH=C:\Program Files\Eclipse Adoptium\jdk-21.0.2.13-hotspot\bin;C:\Python312\Scripts\;C:\Python312\;C:\Program Files\Common Files\Oracle\Java\javapath;C:\Windows\system32;C:\Windows;C:\Windows\System32\Wbem;C:\Windows\System32\WindowsPowerShell\v1.0\;C:\Windows\System32\OpenSSH\;C:\Program Files (x86)\NVIDIA Corporation\PhysX\Common;C:\Program Files\Java\jdk-21\bin\;C:\Program Files\Git\cmd;C:\Program Files\dotnet\;C:\Program Files\nodejs\;C:\ProgramData\chocolatey\bin;C:\Users\FERNANDY ELOKA\AppData\Local\Microsoft\WindowsApps;C:\Users\FERNANDY ELOKA\AppData\Roaming\npm;C:\Users\FERNANDY ELOKA\AppData\Local\JetBrains\Toolbox\scripts;C:\Users\FERNANDY ELOKA\AppData\Local\Programs\Microsoft VS Code\bin;C:\Program Files\Java\jdk-21;C:\apache-maven-3.9.6\bin;
USERNAME=FERNANDY ELOKA
LANG=en_US.UTF-8
OS=Windows_NT
PROCESSOR_IDENTIFIER=Intel64 Family 6 Model 142 Stepping 9, GenuineIntel
TMP=C:\Users\FERNAN~1\AppData\Local\Temp
TEMP=C:\Users\FERNAN~1\AppData\Local\Temp




---------------  S Y S T E M  ---------------

OS:
 Windows 11 , 64 bit Build 22621 (10.0.22621.3085)
OS uptime: 0 days 22:47 hours
Hyper-V role detected

CPU: total 4 (initial active 4) (2 cores per cpu, 2 threads per core) family 6 model 142 stepping 9 microcode 0xde, cx8, cmov, fxsr, ht, mmx, 3dnowpref, sse, sse2, sse3, ssse3, sse4.1, sse4.2, popcnt, lzcnt, tsc, tscinvbit, avx, avx2, aes, erms, clmul, bmi1, bmi2, adx, fma, vzeroupper, clflush, clflushopt, hv, rdtscp, f16c
Processor Information for all 4 processors :
  Max Mhz: 2904, Current Mhz: 2703, Mhz Limit: 2700

Memory: 4k page, system-wide physical 16265M (4996M free)
TotalPageFile size 29577M (AvailPageFile size 12856M)
current process WorkingSet (physical memory assigned to process): 185M, peak: 208M
current process commit charge ("private bytes"): 424M, peak: 446M

vm_info: Java HotSpot(TM) 64-Bit Server VM (21+35-LTS-2513) for windows-amd64 JRE (21+35-LTS-2513), built on 2023-08-09T20:25:10Z by "mach5one" with MS VC++ 17.1 (VS2022)

END.
